<?xml version="1.0" encoding="utf-8"?><testsuites name="pytest tests"><testsuite name="pytest" errors="0" failures="0" skipped="0" tests="30" time="6.180" timestamp="2026-02-24T00:24:26.396333+00:00" hostname="agent-env-dd8f9509-8aa1-4723-bbdc-cf695761aef1"><testcase classname="backend.tests.test_chapters_map_feature.TestChaptersAPI" name="test_chapters_returns_all_10_chapters" time="0.129" /><testcase classname="backend.tests.test_chapters_map_feature.TestChaptersAPI" name="test_chapters_have_chapter_type_field" time="0.147" /><testcase classname="backend.tests.test_chapters_map_feature.TestChaptersAPI" name="test_chapters_have_lat_lng_fields" time="0.135" /><testcase classname="backend.tests.test_chapters_map_feature.TestChaptersAPI" name="test_correct_number_of_college_chapters" time="0.140" /><testcase classname="backend.tests.test_chapters_map_feature.TestChaptersAPI" name="test_correct_number_of_high_school_chapters" time="0.120" /><testcase classname="backend.tests.test_chapters_map_feature.TestChaptersAPI" name="test_ut_austin_coordinates" time="0.137" /><testcase classname="backend.tests.test_chapters_map_feature.TestChaptersAPI" name="test_prosper_hs_coordinates" time="0.110" /><testcase classname="backend.tests.test_chapters_map_feature.TestAdminChaptersCRUD" name="test_create_chapter_with_lat_lng_chapter_type" time="0.720" /><testcase classname="backend.tests.test_chapters_map_feature.TestAdminChaptersCRUD" name="test_update_chapter_lat_lng" time="0.822" /><testcase classname="backend.tests.test_chapters_map_feature.TestChapterFieldsStructure" name="test_chapter_required_fields" time="0.112" /><testcase classname="backend.tests.test_chapters_map_feature.TestChapterFieldsStructure" name="test_lat_lng_are_in_texas" time="0.109" /><testcase classname="backend.tests.test_texas_bha_api.TestPublicAPIs" name="test_api_health" time="0.157" /><testcase classname="backend.tests.test_texas_bha_api.TestPublicAPIs" name="test_committees_endpoint" time="0.117" /><testcase classname="backend.tests.test_texas_bha_api.TestPublicAPIs" name="test_projects_endpoint" time="0.132" /><testcase classname="backend.tests.test_texas_bha_api.TestPublicAPIs" name="test_policies_endpoint" time="0.116" /><testcase classname="backend.tests.test_texas_bha_api.TestPublicAPIs" name="test_gallery_endpoint" time="0.112" /><testcase classname="backend.tests.test_texas_bha_api.TestPublicAPIs" name="test_chapters_endpoint" time="0.132" /><testcase classname="backend.tests.test_texas_bha_api.TestPublicAPIs" name="test_opportunities_endpoint" time="0.147" /><testcase classname="backend.tests.test_texas_bha_api.TestPublicAPIs" name="test_announcements_endpoint" time="0.114" /><testcase classname="backend.tests.test_texas_bha_api.TestPublicAPIs" name="test_consulting_services_endpoint" time="0.204" /><testcase classname="backend.tests.test_texas_bha_api.TestPublicAPIs" name="test_newsletters_endpoint" time="0.138" /><testcase classname="backend.tests.test_texas_bha_api.TestTeamAPI" name="test_team_endpoint_returns_data" time="0.111" /><testcase classname="backend.tests.test_texas_bha_api.TestTeamAPI" name="test_rachel_adams_category" time="0.113" /><testcase classname="backend.tests.test_texas_bha_api.TestTeamAPI" name="test_michael_chang_category" time="0.125" /><testcase classname="backend.tests.test_texas_bha_api.TestTeamAPI" name="test_team_categories_structure" time="0.145" /><testcase classname="backend.tests.test_texas_bha_api.TestAdminAuth" name="test_admin_login_success" time="0.362" /><testcase classname="backend.tests.test_texas_bha_api.TestAdminAuth" name="test_admin_login_invalid_credentials" time="0.344" /><testcase classname="backend.tests.test_texas_bha_api.TestAdminAuth" name="test_admin_verify_token" time="0.555" /><testcase classname="backend.tests.test_texas_bha_api.TestContactForm" name="test_contact_submission" time="0.132" /><testcase classname="backend.tests.test_texas_bha_api.TestNewsletterSubscription" name="test_newsletter_subscribe" time="0.129" /></testsuite></testsuites>