<?xml version="1.0" encoding="utf-8"?><testsuites name="pytest tests"><testsuite name="pytest" errors="0" failures="0" skipped="0" tests="19" time="3.979" timestamp="2026-02-24T00:09:01.068806+00:00" hostname="agent-env-dd8f9509-8aa1-4723-bbdc-cf695761aef1"><testcase classname="backend.tests.test_texas_bha_api.TestPublicAPIs" name="test_api_health" time="0.219" /><testcase classname="backend.tests.test_texas_bha_api.TestPublicAPIs" name="test_committees_endpoint" time="0.119" /><testcase classname="backend.tests.test_texas_bha_api.TestPublicAPIs" name="test_projects_endpoint" time="0.121" /><testcase classname="backend.tests.test_texas_bha_api.TestPublicAPIs" name="test_policies_endpoint" time="0.128" /><testcase classname="backend.tests.test_texas_bha_api.TestPublicAPIs" name="test_gallery_endpoint" time="0.117" /><testcase classname="backend.tests.test_texas_bha_api.TestPublicAPIs" name="test_chapters_endpoint" time="0.155" /><testcase classname="backend.tests.test_texas_bha_api.TestPublicAPIs" name="test_opportunities_endpoint" time="0.140" /><testcase classname="backend.tests.test_texas_bha_api.TestPublicAPIs" name="test_announcements_endpoint" time="0.139" /><testcase classname="backend.tests.test_texas_bha_api.TestPublicAPIs" name="test_consulting_services_endpoint" time="0.178" /><testcase classname="backend.tests.test_texas_bha_api.TestPublicAPIs" name="test_newsletters_endpoint" time="0.150" /><testcase classname="backend.tests.test_texas_bha_api.TestTeamAPI" name="test_team_endpoint_returns_data" time="0.241" /><testcase classname="backend.tests.test_texas_bha_api.TestTeamAPI" name="test_rachel_adams_category" time="0.151" /><testcase classname="backend.tests.test_texas_bha_api.TestTeamAPI" name="test_michael_chang_category" time="0.139" /><testcase classname="backend.tests.test_texas_bha_api.TestTeamAPI" name="test_team_categories_structure" time="0.164" /><testcase classname="backend.tests.test_texas_bha_api.TestAdminAuth" name="test_admin_login_success" time="0.465" /><testcase classname="backend.tests.test_texas_bha_api.TestAdminAuth" name="test_admin_login_invalid_credentials" time="0.379" /><testcase classname="backend.tests.test_texas_bha_api.TestAdminAuth" name="test_admin_verify_token" time="0.587" /><testcase classname="backend.tests.test_texas_bha_api.TestContactForm" name="test_contact_submission" time="0.139" /><testcase classname="backend.tests.test_texas_bha_api.TestNewsletterSubscription" name="test_newsletter_subscribe" time="0.115" /></testsuite></testsuites>